# JRE version: OpenJDK Runtime Environment Corretto-11.0.18.10.1 (11.0.18+10) (build 11.0.18+10-LTS)
# Java VM: OpenJDK 64-Bit Server VM Corretto-11.0.18.10.1 (11.0.18+10-LTS, mixed mode, tiered, compressed oops, g1 gc, windows-amd64)
Heap:
 garbage-first heap   total 152576K, used 21343K [0x0000000084200000, 0x0000000100000000)
  region size 1024K, 12 young (12288K), 6 survivors (6144K)
 Metaspace       used 35369K, capacity 36210K, committed 36524K, reserved 1081344K
  class space    used 3714K, capacity 4022K, committed 4096K, reserved 1048576K
GC Heap History (14 events):
Event: 0.551 GC heap before
{Heap before GC invocations=0 (full 0):
 garbage-first heap   total 126976K, used 13312K [0x0000000084200000, 0x0000000100000000)
  region size 1024K, 14 young (14336K), 0 survivors (0K)
 Metaspace       used 11459K, capacity 11665K, committed 12032K, reserved 1060864K
  class space    used 1065K, capacity 1167K, committed 1280K, reserved 1048576K
}
Event: 0.557 GC heap after
{Heap after GC invocations=1 (full 0):
 garbage-first heap   total 126976K, used 3176K [0x0000000084200000, 0x0000000100000000)
  region size 1024K, 2 young (2048K), 2 survivors (2048K)
 Metaspace       used 11459K, capacity 11665K, committed 12032K, reserved 1060864K
  class space    used 1065K, capacity 1167K, committed 1280K, reserved 1048576K
}
Event: 0.687 GC heap before
{Heap before GC invocations=1 (full 0):
 garbage-first heap   total 126976K, used 16488K [0x0000000084200000, 0x0000000100000000)
  region size 1024K, 15 young (15360K), 2 survivors (2048K)
 Metaspace       used 13559K, capacity 13885K, committed 14080K, reserved 1062912K
  class space    used 1352K, capacity 1459K, committed 1536K, reserved 1048576K
}
Event: 0.690 GC heap after
{Heap after GC invocations=2 (full 0):
 garbage-first heap   total 126976K, used 3867K [0x0000000084200000, 0x0000000100000000)
  region size 1024K, 1 young (1024K), 1 survivors (1024K)
 Metaspace       used 13559K, capacity 13885K, committed 14080K, reserved 1062912K
  class space    used 1352K, capacity 1459K, committed 1536K, reserved 1048576K
}
Event: 1.086 GC heap before
{Heap before GC invocations=2 (full 0):
 garbage-first heap   total 126976K, used 36635K [0x0000000084200000, 0x0000000100000000)
  region size 1024K, 33 young (33792K), 1 survivors (1024K)
 Metaspace       used 18019K, capacity 18385K, committed 18560K, reserved 1064960K
  class space    used 1906K, capacity 2055K, committed 2176K, reserved 1048576K
}
Event: 1.090 GC heap after
{Heap after GC invocations=3 (full 0):
 garbage-first heap   total 126976K, used 5488K [0x0000000084200000, 0x0000000100000000)
  region size 1024K, 3 young (3072K), 3 survivors (3072K)
 Metaspace       used 18019K, capacity 18385K, committed 18560K, reserved 1064960K
  class space    used 1906K, capacity 2055K, committed 2176K, reserved 1048576K
}
Event: 1.390 GC heap before
{Heap before GC invocations=3 (full 0):
 garbage-first heap   total 126976K, used 20848K [0x0000000084200000, 0x0000000100000000)
  region size 1024K, 19 young (19456K), 3 survivors (3072K)
 Metaspace       used 20868K, capacity 21115K, committed 21248K, reserved 1069056K
  class space    used 2197K, capacity 2291K, committed 2304K, reserved 1048576K
}
Event: 1.396 GC heap after
{Heap after GC invocations=4 (full 0):
 garbage-first heap   total 126976K, used 6428K [0x0000000084200000, 0x0000000100000000)
  region size 1024K, 4 young (4096K), 4 survivors (4096K)
 Metaspace       used 20868K, capacity 21115K, committed 21248K, reserved 1069056K
  class space    used 2197K, capacity 2291K, committed 2304K, reserved 1048576K
}
Event: 2.319 GC heap before
{Heap before GC invocations=5 (full 0):
 garbage-first heap   total 126976K, used 66844K [0x0000000084200000, 0x0000000100000000)
  region size 1024K, 63 young (64512K), 4 survivors (4096K)
 Metaspace       used 22726K, capacity 23232K, committed 23296K, reserved 1071104K
  class space    used 2352K, capacity 2505K, committed 2560K, reserved 1048576K
}
Event: 2.328 GC heap after
{Heap after GC invocations=6 (full 0):
 garbage-first heap   total 152576K, used 10345K [0x0000000084200000, 0x0000000100000000)
  region size 1024K, 7 young (7168K), 7 survivors (7168K)
 Metaspace       used 22726K, capacity 23232K, committed 23296K, reserved 1071104K
  class space    used 2352K, capacity 2505K, committed 2560K, reserved 1048576K
}
Event: 3.777 GC heap before
{Heap before GC invocations=6 (full 0):
 garbage-first heap   total 152576K, used 94313K [0x0000000084200000, 0x0000000100000000)
  region size 1024K, 89 young (91136K), 7 survivors (7168K)
 Metaspace       used 34530K, capacity 35389K, committed 35456K, reserved 1081344K
  class space    used 3631K, capacity 3918K, committed 3968K, reserved 1048576K
}
Event: 3.787 GC heap after
{Heap after GC invocations=7 (full 0):
 garbage-first heap   total 152576K, used 16279K [0x0000000084200000, 0x0000000100000000)
  region size 1024K, 11 young (11264K), 11 survivors (11264K)
 Metaspace       used 34530K, capacity 35389K, committed 35456K, reserved 1081344K
  class space    used 3631K, capacity 3918K, committed 3968K, reserved 1048576K
}
Event: 3.876 GC heap before
{Heap before GC invocations=7 (full 0):
 garbage-first heap   total 152576K, used 34711K [0x0000000084200000, 0x0000000100000000)
  region size 1024K, 30 young (30720K), 11 survivors (11264K)
 Metaspace       used 34768K, capacity 35527K, committed 35628K, reserved 1081344K
  class space    used 3650K, capacity 3921K, committed 3968K, reserved 1048576K
}
Event: 3.885 GC heap after
{Heap after GC invocations=8 (full 0):
 garbage-first heap   total 152576K, used 16223K [0x0000000084200000, 0x0000000100000000)
  region size 1024K, 6 young (6144K), 6 survivors (6144K)
 Metaspace       used 34768K, capacity 35527K, committed 35628K, reserved 1081344K
  class space    used 3650K, capacity 3921K, committed 3968K, reserved 1048576K
}

